[17:20:51] [main/WARN]: Ambiguity between arguments [teleport, destination] and [teleport, targets] with inputs: [Player, 0123, @e, dd12be42-52a9-4a91-a8a1-11c01849e498]
[17:20:51] [main/WARN]: Ambiguity between arguments [teleport, location] and [teleport, destination] with inputs: [0.1 -0.5 .9, 0 0 0]
[17:20:51] [main/WARN]: Ambiguity between arguments [teleport, location] and [teleport, targets] with inputs: [0.1 -0.5 .9, 0 0 0]
[17:20:51] [main/WARN]: Ambiguity between arguments [teleport, targets] and [teleport, destination] with inputs: [Player, 0123, dd12be42-52a9-4a91-a8a1-11c01849e498]
[17:20:51] [main/WARN]: Ambiguity between arguments [teleport, targets, location] and [teleport, targets, destination] with inputs: [0.1 -0.5 .9, 0 0 0]
[17:20:51] [Server thread/INFO]: Starting minecraft server version 1.14.2
[17:20:51] [Server thread/INFO]: Loading properties
[17:20:51] [Server thread/INFO]: Default game type: SURVIVAL
[17:20:51] [Server thread/INFO]: Generating keypair
[17:20:52] [Server thread/INFO]: Starting Minecraft server on *:25565
[17:20:52] [Server thread/INFO]: Using epoll channel type
[17:20:52] [Server thread/WARN]: **** SERVER IS RUNNING IN OFFLINE/INSECURE MODE!
[17:20:52] [Server thread/WARN]: The server will make no attempt to authenticate usernames. Beware.
[17:20:52] [Server thread/WARN]: While this makes the game possible to play without internet access, it also opens up the ability for hackers to connect with any username they choose.
[17:20:52] [Server thread/WARN]: To change this, set "online-mode" to "true" in the server.properties file.
[17:20:52] [Server thread/INFO]: Preparing level "world"
[17:20:52] [Server thread/INFO]: Reloading ResourceManager: Default
[17:20:54] [Server thread/INFO]: Loaded 6 recipes
[17:20:56] [Server thread/INFO]: Loaded 811 advancements
[17:20:57] [Server thread/INFO]: Preparing start region for dimension minecraft:overworld
[17:20:59] [Server thread/INFO]: Preparing spawn area: 0%
[17:20:59] [Server thread/INFO]: Preparing spawn area: 0%
[17:20:59] [Server thread/INFO]: Preparing spawn area: 0%
[17:20:59] [Server thread/INFO]: Preparing spawn area: 0%
[17:20:59] [Server thread/INFO]: Preparing spawn area: 0%
[17:21:29] [Server-Worker-1/INFO]: Preparing spawn area: 0%
[17:21:29] [Server-Worker-1/INFO]: Preparing spawn area: 0%
[17:21:29] [Server-Worker-1/INFO]: Preparing spawn area: 0%
[17:21:29] [Server-Worker-1/INFO]: Preparing spawn area: 0%
[17:21:29] [Server-Worker-1/INFO]: Preparing spawn area: 0%
[17:21:29] [Server-Worker-1/INFO]: Preparing spawn area: 0%
[17:21:29] [Server-Worker-1/INFO]: Preparing spawn area: 0%
[17:21:29] [Server-Worker-1/INFO]: Preparing spawn area: 0%
[17:21:29] [Server-Worker-1/INFO]: Preparing spawn area: 0%
[17:21:29] [Server-Worker-1/INFO]: Preparing spawn area: 0%
[17:21:29] [Server-Worker-1/INFO]: Preparing spawn area: 0%
[17:21:29] [Server-Worker-1/INFO]: Preparing spawn area: 0%
[17:21:29] [Server-Worker-1/INFO]: Preparing spawn area: 0%
[17:21:29] [Server-Worker-1/INFO]: Preparing spawn area: 0%
[17:21:29] [Server-Worker-1/INFO]: Preparing spawn area: 0%
[17:21:29] [Server-Worker-1/INFO]: Preparing spawn area: 0%
[17:21:29] [Server-Worker-1/INFO]: Preparing spawn area: 0%
[17:21:29] [Server-Worker-1/INFO]: Preparing spawn area: 0%
[17:21:29] [Server-Worker-1/INFO]: Preparing spawn area: 0%
[17:21:29] [Server-Worker-1/INFO]: Preparing spawn area: 0%
[17:21:29] [Server-Worker-1/INFO]: Preparing spawn area: 0%
[17:21:29] [Server-Worker-1/INFO]: Preparing spawn area: 0%
[17:21:29] [Server-Worker-1/INFO]: Preparing spawn area: 0%
[17:21:29] [Server-Worker-1/INFO]: Preparing spawn area: 0%
[17:21:29] [Server-Worker-1/INFO]: Preparing spawn area: 0%
[17:21:29] [Server-Worker-1/INFO]: Preparing spawn area: 0%
[17:21:29] [Server-Worker-1/INFO]: Preparing spawn area: 0%
[17:21:29] [Server-Worker-1/INFO]: Preparing spawn area: 0%
[17:21:29] [Server-Worker-1/INFO]: Preparing spawn area: 0%
[17:21:29] [Server-Worker-1/INFO]: Preparing spawn area: 0%
[17:21:29] [Server-Worker-1/INFO]: Preparing spawn area: 0%
[17:21:29] [Server-Worker-1/INFO]: Preparing spawn area: 0%
[17:21:29] [Server-Worker-1/INFO]: Preparing spawn area: 0%
[17:21:29] [Server-Worker-1/INFO]: Preparing spawn area: 0%
[17:21:29] [Server-Worker-1/INFO]: Preparing spawn area: 0%
[17:21:29] [Server-Worker-1/INFO]: Preparing spawn area: 0%
[17:21:29] [Server-Worker-1/INFO]: Preparing spawn area: 0%
[17:21:29] [Server-Worker-1/INFO]: Preparing spawn area: 0%
[17:21:29] [Server-Worker-1/INFO]: Preparing spawn area: 0%
[17:21:29] [Server-Worker-1/INFO]: Preparing spawn area: 0%
[17:21:29] [Server-Worker-1/INFO]: Preparing spawn area: 0%
[17:21:29] [Server-Worker-1/INFO]: Preparing spawn area: 0%
[17:21:29] [Server-Worker-1/INFO]: Preparing spawn area: 0%
[17:21:29] [Server-Worker-1/INFO]: Preparing spawn area: 0%
[17:21:29] [Server-Worker-1/INFO]: Preparing spawn area: 0%
[17:21:29] [Server-Worker-1/INFO]: Preparing spawn area: 0%
[17:21:29] [Server-Worker-1/INFO]: Preparing spawn area: 0%
[17:21:29] [Server-Worker-1/INFO]: Preparing spawn area: 0%
[17:21:29] [Server-Worker-1/INFO]: Preparing spawn area: 0%
[17:21:29] [Server-Worker-1/INFO]: Preparing spawn area: 0%
[17:21:29] [Server-Worker-1/INFO]: Preparing spawn area: 0%
[17:21:29] [Server-Worker-1/INFO]: Preparing spawn area: 0%
[17:21:29] [Server-Worker-1/INFO]: Preparing spawn area: 0%
[17:21:29] [Server-Worker-1/INFO]: Preparing spawn area: 0%
[17:21:29] [Server-Worker-1/INFO]: Preparing spawn area: 0%
[17:21:29] [Server-Worker-1/INFO]: Preparing spawn area: 0%
[17:21:29] [Server-Worker-1/INFO]: Preparing spawn area: 0%
[17:21:29] [Server-Worker-1/INFO]: Preparing spawn area: 0%
[17:21:29] [Server-Worker-1/INFO]: Preparing spawn area: 0%
[17:21:29] [Server thread/INFO]: Preparing spawn area: 4%
[17:21:30] [Server thread/INFO]: Preparing spawn area: 72%
[17:21:31] [Server thread/INFO]: Time elapsed: 33380 ms
[17:21:31] [Server thread/INFO]: Done (38.586s)! For help, type "help"
